[01m[K/home/wjrgfdy/rm_ws/src/rm_auto_aim/armor_detector/src/detector_node.cpp:[m[K In member function â€˜[01m[Kstd::unique_ptr<rm_auto_aim::Detector> rm_auto_aim::ArmorDetectorNode::initDetector()[m[Kâ€™:
[01m[K/home/wjrgfdy/rm_ws/src/rm_auto_aim/armor_detector/src/detector_node.cpp:170:52:[m[K [01;31m[Kerror: [m[Kâ€˜[01m[Karam_desc[m[Kâ€™ was not declared in this scope; did you mean â€˜[01m[Kparam_desc[m[Kâ€™?
  170 |         param_desc.integer_range[0].to_value = 255;[01;31m[Karam_desc[m[K);
      |                                                    [01;31m[K^~~~~~~~~[m[K
      |                                                    [32m[Kparam_desc[m[K
[01m[K/home/wjrgfdy/rm_ws/src/rm_auto_aim/armor_detector/src/detector_node.cpp:172:67:[m[K [01;31m[Kerror: [m[Kâ€˜[01m[Kp[m[Kâ€™ was not declared in this scope
  172 |         int binary_thres = declare_parameter("binary_thres", 160, [01;31m[Kp[m[K
      |                                                                   [01;31m[K^[m[K
gmake[2]: *** [CMakeFiles/armor_detector.dir/build.make:90ï¼šCMakeFiles/armor_detector.dir/src/detector_node.cpp.o] é”™è¯¯ 1
gmake[1]: *** [CMakeFiles/Makefile2:161ï¼šCMakeFiles/armor_detector.dir/all] é”™è¯¯ 2
gmake: *** [Makefile:146ï¼šall] é”™è¯¯ 2
