[ 13%] Built target gtest_main
[ 26%] Built target gtest
[ 33%] [32mBuilding CXX object CMakeFiles/armor_detector.dir/src/detector_node.cpp.o[0m
[ 46%] Built target armor_detector_node
[01m[K/home/wjrgfdy/rm_ws/src/rm_auto_aim/armor_detector/src/detector_node.cpp:[m[K In member function â€˜[01m[Kstd::unique_ptr<rm_auto_aim::Detector> rm_auto_aim::ArmorDetectorNode::initDetector()[m[Kâ€™:
[01m[K/home/wjrgfdy/rm_ws/src/rm_auto_aim/armor_detector/src/detector_node.cpp:170:62:[m[K [01;31m[Kerror: [m[Kexpected â€˜[01m[K;[m[Kâ€™ before â€˜[01m[K)[m[Kâ€™ token
  170 |         param_desc.integer_range[0].to_value = 255;param_desc[01;31m[K)[m[K;
      |                                                              [01;31m[K^[m[K
      |                                                              [32m[K;[m[K
[01m[K/home/wjrgfdy/rm_ws/src/rm_auto_aim/armor_detector/src/detector_node.cpp:170:52:[m[K [01;31m[Kerror: [m[Kstatement has no effect [[01;31m[K]8;;https://gcc.gnu.org/onlinedocs/gcc/Warning-Options.html#index-Wunused-value-Werror=unused-value]8;;[m[K]
  170 |         param_desc.integer_range[0].to_value = 255;[01;31m[Kparam_desc[m[K);
      |                                                    [01;31m[K^~~~~~~~~~[m[K
cc1plus: all warnings being treated as errors
gmake[2]: *** [CMakeFiles/armor_detector.dir/build.make:90ï¼šCMakeFiles/armor_detector.dir/src/detector_node.cpp.o] é”™è¯¯ 1
gmake[1]: *** [CMakeFiles/Makefile2:161ï¼šCMakeFiles/armor_detector.dir/all] é”™è¯¯ 2
gmake: *** [Makefile:146ï¼šall] é”™è¯¯ 2
